Assembler report for MKRVIDOR4000_peripherals_lite
Fri May 24 10:51:50 2019
Quartus Prime Version 18.1.0 Build 625 09/12/2018 SJ Lite Edition


---------------------
; Table of Contents ;
---------------------
  1. Legal Notice
  2. Assembler Summary
  3. Assembler Settings
  4. Assembler Encrypted IP Cores Summary
  5. Assembler Generated Files
  6. Assembler Device Options: MKRVIDOR4000_peripherals_lite.sof
  7. Assembler Device Options: MKRVIDOR4000_peripherals_lite.jam
  8. Assembler Device Options: MKRVIDOR4000_peripherals_lite.jbc
  9. Assembler Device Options: MKRVIDOR4000_peripherals_lite.pof
 10. Assembler Device Options: MKRVIDOR4000_peripherals_lite.ttf
 11. Assembler Device Options: MKRVIDOR4000_peripherals_lite.rbf
 12. Assembler Messages



----------------
; Legal Notice ;
----------------
Copyright (C) 2018  Intel Corporation. All rights reserved.
Your use of Intel Corporation's design tools, logic functions 
and other software and tools, and its AMPP partner logic 
functions, and any output files from any of the foregoing 
(including device programming or simulation files), and any 
associated documentation or information are expressly subject 
to the terms and conditions of the Intel Program License 
Subscription Agreement, the Intel Quartus Prime License Agreement,
the Intel FPGA IP License Agreement, or other applicable license
agreement, including, without limitation, that your use is for
the sole purpose of programming logic devices manufactured by
Intel and sold by Intel or its authorized distributors.  Please
refer to the applicable agreement for further details.



+---------------------------------------------------------------+
; Assembler Summary                                             ;
+-----------------------+---------------------------------------+
; Assembler Status      ; Successful - Fri May 24 10:51:50 2019 ;
; Revision Name         ; MKRVIDOR4000_peripherals_lite         ;
; Top-level Entity Name ; MKRVIDOR4000_peripherals_top          ;
; Family                ; Cyclone 10 LP                         ;
; Device                ; 10CL016YU256C8G                       ;
+-----------------------+---------------------------------------+


+----------------------------------+
; Assembler Settings               ;
+--------+---------+---------------+
; Option ; Setting ; Default Value ;
+--------+---------+---------------+


+------------------------------------------------+
; Assembler Encrypted IP Cores Summary           ;
+--------+------------------------+--------------+
; Vendor ; IP Core Name           ; License Type ;
+--------+------------------------+--------------+
; Altera ; Signal Tap (6AF7 BCE1) ; Licensed     ;
; Altera ; Signal Tap (6AF7 BCEC) ; Licensed     ;
+--------+------------------------+--------------+


+------------------------------------------------------------------------------------------------------------------------------+
; Assembler Generated Files                                                                                                    ;
+------------------------------------------------------------------------------------------------------------------------------+
; File Name                                                                                                                    ;
+------------------------------------------------------------------------------------------------------------------------------+
; /home/sausy/Projects/VidorBitstream/projects/MKRVIDOR4000_peripherals/project/output_files/MKRVIDOR4000_peripherals_lite.sof ;
; /home/sausy/Projects/VidorBitstream/projects/MKRVIDOR4000_peripherals/project/output_files/MKRVIDOR4000_peripherals_lite.jam ;
; /home/sausy/Projects/VidorBitstream/projects/MKRVIDOR4000_peripherals/project/output_files/MKRVIDOR4000_peripherals_lite.jbc ;
; /home/sausy/Projects/VidorBitstream/projects/MKRVIDOR4000_peripherals/project/output_files/MKRVIDOR4000_peripherals_lite.pof ;
; /home/sausy/Projects/VidorBitstream/projects/MKRVIDOR4000_peripherals/project/output_files/MKRVIDOR4000_peripherals_lite.ttf ;
; /home/sausy/Projects/VidorBitstream/projects/MKRVIDOR4000_peripherals/project/output_files/MKRVIDOR4000_peripherals_lite.rbf ;
+------------------------------------------------------------------------------------------------------------------------------+


+-------------------------------------------------------------+
; Assembler Device Options: MKRVIDOR4000_peripherals_lite.sof ;
+----------------+--------------------------------------------+
; Option         ; Setting                                    ;
+----------------+--------------------------------------------+
; JTAG usercode  ; 0x006C78DC                                 ;
; Checksum       ; 0x006C78DC                                 ;
+----------------+--------------------------------------------+


+-------------------------------------------------------------+
; Assembler Device Options: MKRVIDOR4000_peripherals_lite.jam ;
+-------------------------+-----------------------------------+
; Option                  ; Setting                           ;
+-------------------------+-----------------------------------+
; JEDEC STAPL ASCII file  ;                                   ;
+-------------------------+-----------------------------------+


+-------------------------------------------------------------+
; Assembler Device Options: MKRVIDOR4000_peripherals_lite.jbc ;
+-----------------------+-------------------------------------+
; Option                ; Setting                             ;
+-----------------------+-------------------------------------+
; STAPL Byte Code file  ;                                     ;
+-----------------------+-------------------------------------+


+-------------------------------------------------------------+
; Assembler Device Options: MKRVIDOR4000_peripherals_lite.pof ;
+--------------------+----------------------------------------+
; Option             ; Setting                                ;
+--------------------+----------------------------------------+
; JTAG usercode      ; 0x00000000                             ;
; Checksum           ; 0x1D2561D8                             ;
; Compression Ratio  ; 2                                      ;
+--------------------+----------------------------------------+


+-------------------------------------------------------------+
; Assembler Device Options: MKRVIDOR4000_peripherals_lite.ttf ;
+--------------------+----------------------------------------+
; Option             ; Setting                                ;
+--------------------+----------------------------------------+
; Tabular Text File  ;                                        ;
+--------------------+----------------------------------------+


+-------------------------------------------------------------+
; Assembler Device Options: MKRVIDOR4000_peripherals_lite.rbf ;
+---------------------+---------------------------------------+
; Option              ; Setting                               ;
+---------------------+---------------------------------------+
; Raw Binary File     ;                                       ;
;  Compression Ratio  ; 2                                     ;
+---------------------+---------------------------------------+


+--------------------+
; Assembler Messages ;
+--------------------+
Info: *******************************************************************
Info: Running Quartus Prime Assembler
    Info: Version 18.1.0 Build 625 09/12/2018 SJ Lite Edition
    Info: Processing started: Fri May 24 10:51:47 2019
Info: Command: quartus_asm --read_settings_files=off --write_settings_files=off MKRVIDOR4000_peripherals_lite -c MKRVIDOR4000_peripherals_lite
Warning (125092): Tcl Script File software/launcher/mem_init/meminit.qip not found
    Info (125063): set_global_assignment -name QIP_FILE software/launcher/mem_init/meminit.qip
Warning (125092): Tcl Script File ../build/MKRVIDOR4000_peripherals_lite_sys/synthesis/MKRVIDOR4000_peripherals_lite_sys.qip not found
    Info (125063): set_global_assignment -name QIP_FILE ../build/MKRVIDOR4000_peripherals_lite_sys/synthesis/MKRVIDOR4000_peripherals_lite_sys.qip
Warning (18236): Number of processors has not been specified which may cause overloading on shared machines.  Set the global assignment NUM_PARALLEL_PROCESSORS in your QSF to an appropriate value for best performance.
Info (115031): Writing out detailed assembly data for power analysis
Info (115030): Assembler is generating device programming files
Info (210117): Created JAM or JBC file for the specified chain: 
Device 1 (10CL016YU256; /home/sausy/Projects/VidorBitstream/projects/MKRVIDOR4000_peripherals/project/output_files/MKRVIDOR4000_peripherals_lite.sof)
Info (210117): Created JAM or JBC file for the specified chain: 
Device 1 (10CL016YU256; /home/sausy/Projects/VidorBitstream/projects/MKRVIDOR4000_peripherals/project/output_files/MKRVIDOR4000_peripherals_lite.sof)
Info: Quartus Prime Assembler was successful. 0 errors, 3 warnings
    Info: Peak virtual memory: 869 megabytes
    Info: Processing ended: Fri May 24 10:51:50 2019
    Info: Elapsed time: 00:00:03
    Info: Total CPU time (on all processors): 00:00:03


