Flow report for MKRVIDOR4000_peripherals_lite
Fri May 24 10:51:50 2019
Quartus Prime Version 18.1.0 Build 625 09/12/2018 SJ Lite Edition


---------------------
; Table of Contents ;
---------------------
  1. Legal Notice
  2. Flow Summary
  3. Flow Settings
  4. Flow Non-Default Global Settings
  5. Flow Elapsed Time
  6. Flow OS Summary
  7. Flow Log
  8. Flow Messages
  9. Flow Suppressed Messages



----------------
; Legal Notice ;
----------------
Copyright (C) 2018  Intel Corporation. All rights reserved.
Your use of Intel Corporation's design tools, logic functions 
and other software and tools, and its AMPP partner logic 
functions, and any output files from any of the foregoing 
(including device programming or simulation files), and any 
associated documentation or information are expressly subject 
to the terms and conditions of the Intel Program License 
Subscription Agreement, the Intel Quartus Prime License Agreement,
the Intel FPGA IP License Agreement, or other applicable license
agreement, including, without limitation, that your use is for
the sole purpose of programming logic devices manufactured by
Intel and sold by Intel or its authorized distributors.  Please
refer to the applicable agreement for further details.



+----------------------------------------------------------------------------------+
; Flow Summary                                                                     ;
+------------------------------------+---------------------------------------------+
; Flow Status                        ; Successful - Fri May 24 10:51:50 2019       ;
; Quartus Prime Version              ; 18.1.0 Build 625 09/12/2018 SJ Lite Edition ;
; Revision Name                      ; MKRVIDOR4000_peripherals_lite               ;
; Top-level Entity Name              ; MKRVIDOR4000_peripherals_top                ;
; Family                             ; Cyclone 10 LP                               ;
; Device                             ; 10CL016YU256C8G                             ;
; Timing Models                      ; Final                                       ;
; Total logic elements               ; 9,457 / 15,408 ( 61 % )                     ;
;     Total combinational functions  ; 7,635 / 15,408 ( 50 % )                     ;
;     Dedicated logic registers      ; 6,182 / 15,408 ( 40 % )                     ;
; Total registers                    ; 6250                                        ;
; Total pins                         ; 117 / 163 ( 72 % )                          ;
; Total virtual pins                 ; 0                                           ;
; Total memory bits                  ; 281,664 / 516,096 ( 55 % )                  ;
; Embedded Multiplier 9-bit elements ; 0 / 112 ( 0 % )                             ;
; Total PLLs                         ; 1 / 4 ( 25 % )                              ;
+------------------------------------+---------------------------------------------+


+---------------------------------------------------+
; Flow Settings                                     ;
+-------------------+-------------------------------+
; Option            ; Setting                       ;
+-------------------+-------------------------------+
; Start date & time ; 05/24/2019 10:49:53           ;
; Main task         ; Compilation                   ;
; Revision Name     ; MKRVIDOR4000_peripherals_lite ;
+-------------------+-------------------------------+


+-------------------------------------------------------------------------------------------------------------------------------------------------------------------------------------------------------------------------+
; Flow Non-Default Global Settings                                                                                                                                                                                        ;
+-----------------------------------------+----------------------------------------------------------------------------------------------+-------------------------------+-----------------------------------+------------+
; Assignment Name                         ; Value                                                                                        ; Default Value                 ; Entity Name                       ; Section Id ;
+-----------------------------------------+----------------------------------------------------------------------------------------------+-------------------------------+-----------------------------------+------------+
; ALM_REGISTER_PACKING_EFFORT             ; High                                                                                         ; Medium                        ; --                                ; --         ;
; COMPILER_SIGNATURE_ID                   ; 172309000519237.155868779303796                                                              ; --                            ; --                                ; --         ;
; ENABLE_SIGNALTAP                        ; Off                                                                                          ; --                            ; --                                ; --         ;
; IGNORE_PARTITIONS                       ; On                                                                                           ; Off                           ; --                                ; --         ;
; MAX_CORE_JUNCTION_TEMP                  ; 85                                                                                           ; --                            ; --                                ; --         ;
; MIN_CORE_JUNCTION_TEMP                  ; 0                                                                                            ; --                            ; --                                ; --         ;
; MISC_FILE                               ; MKRVIDOR4000_peripherals_lite_sys/synthesis/../MKRVIDOR4000_peripherals_lite_sys.cmp         ; --                            ; --                                ; --         ;
; MISC_FILE                               ; MKRVIDOR4000_peripherals_lite_sys/synthesis/../../MKRVIDOR4000_peripherals_lite_sys.qsys     ; --                            ; --                                ; --         ;
; MISC_FILE                               ; ../../../ip/SYSTEM_PLL/rtl/SYSTEM_PLL.ppf                                                    ; --                            ; --                                ; --         ;
; OPTIMIZATION_MODE                       ; Aggressive Area                                                                              ; Balanced                      ; --                                ; --         ;
; OUTPUT_IO_TIMING_FAR_END_VMEAS          ; Half Signal Swing                                                                            ; --                            ; --                                ; --         ;
; OUTPUT_IO_TIMING_FAR_END_VMEAS          ; Half Signal Swing                                                                            ; --                            ; --                                ; --         ;
; OUTPUT_IO_TIMING_NEAR_END_VMEAS         ; Half Vccio                                                                                   ; --                            ; --                                ; --         ;
; OUTPUT_IO_TIMING_NEAR_END_VMEAS         ; Half Vccio                                                                                   ; --                            ; --                                ; --         ;
; PARTITION_COLOR                         ; -- (Not supported for targeted family)                                                       ; --                            ; MKRVIDOR4000_peripherals_top      ; Top        ;
; PARTITION_FITTER_PRESERVATION_LEVEL     ; -- (Not supported for targeted family)                                                       ; --                            ; MKRVIDOR4000_peripherals_top      ; Top        ;
; PARTITION_NETLIST_TYPE                  ; -- (Not supported for targeted family)                                                       ; --                            ; MKRVIDOR4000_peripherals_top      ; Top        ;
; PHYSICAL_SYNTHESIS_COMBO_LOGIC_FOR_AREA ; On                                                                                           ; Off                           ; --                                ; --         ;
; POWER_BOARD_THERMAL_MODEL               ; None (CONSERVATIVE)                                                                          ; --                            ; --                                ; --         ;
; POWER_DEFAULT_INPUT_IO_TOGGLE_RATE      ; 100%                                                                                         ; 12.5%                         ; --                                ; --         ;
; POWER_PRESET_COOLING_SOLUTION           ; 23 MM HEAT SINK WITH 200 LFPM AIRFLOW                                                        ; --                            ; --                                ; --         ;
; PROJECT_OUTPUT_DIRECTORY                ; output_files                                                                                 ; --                            ; --                                ; --         ;
; SLD_FILE                                ; MKRVIDOR4000_peripherals_lite_sys/synthesis/MKRVIDOR4000_peripherals_lite_sys.regmap         ; --                            ; --                                ; --         ;
; SLD_FILE                                ; MKRVIDOR4000_peripherals_lite_sys/synthesis/MKRVIDOR4000_peripherals_lite_sys.debuginfo      ; --                            ; --                                ; --         ;
; SLD_INFO                                ; QSYS_NAME MKRVIDOR4000_peripherals_lite_sys HAS_SOPCINFO 1 GENERATION_ID 1558687697          ; --                            ; MKRVIDOR4000_peripherals_lite_sys ; --         ;
; SMART_RECOMPILE                         ; On                                                                                           ; Off                           ; --                                ; --         ;
; SOPCINFO_FILE                           ; MKRVIDOR4000_peripherals_lite_sys/synthesis/../../MKRVIDOR4000_peripherals_lite_sys.sopcinfo ; --                            ; --                                ; --         ;
; SYNTHESIS_ONLY_QIP                      ; On                                                                                           ; --                            ; --                                ; --         ;
; TOP_LEVEL_ENTITY                        ; MKRVIDOR4000_peripherals_top                                                                 ; MKRVIDOR4000_peripherals_lite ; --                                ; --         ;
; USE_SIGNALTAP_FILE                      ; output_files/stp1.stp                                                                        ; --                            ; --                                ; --         ;
; VERILOG_INPUT_VERSION                   ; SystemVerilog_2005                                                                           ; Verilog_2001                  ; --                                ; --         ;
; VERILOG_MACRO                           ; FREE_VERSION=1                                                                               ; --                            ; --                                ; --         ;
; VERILOG_SHOW_LMF_MAPPING_MESSAGES       ; Off                                                                                          ; --                            ; --                                ; --         ;
+-----------------------------------------+----------------------------------------------------------------------------------------------+-------------------------------+-----------------------------------+------------+


+--------------------------------------------------------------------------------------------------------------------------+
; Flow Elapsed Time                                                                                                        ;
+----------------------+--------------+-------------------------+---------------------+------------------------------------+
; Module Name          ; Elapsed Time ; Average Processors Used ; Peak Virtual Memory ; Total CPU Time (on all processors) ;
+----------------------+--------------+-------------------------+---------------------+------------------------------------+
; Analysis & Synthesis ; 00:01:01     ; 1.0                     ; 1322 MB             ; 00:01:34                           ;
; Fitter               ; 00:00:46     ; 1.4                     ; 1811 MB             ; 00:01:45                           ;
; Assembler            ; 00:00:03     ; 1.0                     ; 869 MB              ; 00:00:03                           ;
; Total                ; 00:01:50     ; --                      ; --                  ; 00:03:22                           ;
+----------------------+--------------+-------------------------+---------------------+------------------------------------+


+----------------------------------------------------------------------------------------+
; Flow OS Summary                                                                        ;
+----------------------+------------------+----------------+------------+----------------+
; Module Name          ; Machine Hostname ; OS Name        ; OS Version ; Processor type ;
+----------------------+------------------+----------------+------------+----------------+
; Analysis & Synthesis ; sausy            ; Ubuntu 18.04.2 ; 18         ; x86_64         ;
; Fitter               ; sausy            ; Ubuntu 18.04.2 ; 18         ; x86_64         ;
; Assembler            ; sausy            ; Ubuntu 18.04.2 ; 18         ; x86_64         ;
+----------------------+------------------+----------------+------------+----------------+


------------
; Flow Log ;
------------
quartus_map --read_settings_files=on --write_settings_files=off MKRVIDOR4000_peripherals_lite -c MKRVIDOR4000_peripherals_lite
quartus_fit --read_settings_files=off --write_settings_files=off MKRVIDOR4000_peripherals_lite -c MKRVIDOR4000_peripherals_lite
quartus_asm --read_settings_files=off --write_settings_files=off MKRVIDOR4000_peripherals_lite -c MKRVIDOR4000_peripherals_lite



